Treinamento^2022-11-10 08:53:50^INSERT INTO pedido_preco (cd_pedido, dt_pediddo, vl_produto, cd_pedido_produto) VALUES (NULL, '2028-04-12', '87.99', NULL) ^0^man_produto_preco.php^treinamento_jaguar 
Treinamento^2022-11-10 08:55:45^INSERT INTO pedido_preco (cd_pedido, dt_pediddo, vl_produto, cd_pedido_produto) VALUES (NULL, '2028-04-12', '87.99', NULL) ^0^man_produto_preco.php^treinamento_jaguar 
Treinamento^2022-11-10 08:55:48^INSERT INTO pedido_preco (cd_pedido, dt_pediddo, vl_produto, cd_pedido_produto) VALUES (NULL, '2028-04-12', '87.99', NULL) ^0^man_produto_preco.php^treinamento_jaguar 
Treinamento^2022-11-10 08:56:19^INSERT INTO pedido_preco (cd_pedido, dt_pediddo, vl_produto, cd_pedido_produto) VALUES (NULL, '2028-04-12', '87.99', NULL) ^0^man_produto_preco.php^treinamento_jaguar 
Treinamento^2022-11-10 08:59:12^INSERT INTO pedido_produto (cd_pedido, dt_pediddo, vl_produto, cd_pedido_produto) VALUES (NULL, '2028-04-12', '87.99', '1') ^0^man_produto_preco.php^treinamento_jaguar 
Treinamento^2022-11-10 09:01:04^INSERT INTO pedido_produto (cd_pedido, dt_pedido, vl_produto, cd_pedido_produto) VALUES (NULL, '2028-04-12', '87.99', '2') ^0^man_produto_preco.php^treinamento_jaguar 
Treinamento^2022-11-10 09:02:06^INSERT INTO pedido_produto (cd_pedido, dt_pedido, vl_produto, cd_pedido_produto) VALUES (NULL, '2028-04-12', '87.99', '3') ^0^man_produto_preco.php^treinamento_jaguar 
Treinamento^2022-11-10 09:04:28^INSERT INTO pedido_produto (cd_pedido, dt_pedido, vl_produto, cd_pedido_produto) VALUES (NULL, '2028-04-12', '87.99', '4') ^0^man_produto_preco.php^treinamento_jaguar 
Treinamento^2022-11-10 09:06:52^INSERT INTO pedido_produto (cd_pedido, dt_pedido, vl_produto, cd_pedido_produto) VALUES (NULL, '2028-04-12', '87.99', '5') ^0^man_produto_preco.php^treinamento_jaguar 
Treinamento^2022-11-10 09:08:33^INSERT INTO pedido_produto (cd_pedido, dt_pedido, vl_produto, cd_pedido_produto) VALUES (NULL, '2028-04-12', '87.99', '6') ^0^man_produto_preco.php^treinamento_jaguar 
Treinamento^2022-11-10 09:08:47^INSERT INTO pedido_produto (cd_pedido, dt_pedido, vl_produto, cd_pedido_produto) VALUES (NULL, '2028-04-12', '87.99', '7') ^0^man_produto_preco.php^treinamento_jaguar 
Treinamento^2022-11-10 09:14:04^INSERT INTO pedido_produto (cd_pedido, dt_pedido, vl_produto, cd_pedido_produto) VALUES (NULL, '2028-04-12', '87.99', '8') ^0^man_produto_preco.php^treinamento_jaguar 
Treinamento^2022-11-10 09:15:50^INSERT INTO pedido_produto (cd_pedido, dt_pedido, vl_produto, cd_pedido_produto) VALUES (NULL, '2028-04-12', '87.99', '9') ^0^man_produto_preco.php^treinamento_jaguar 
Treinamento^2022-11-10 09:16:02^INSERT INTO pedido_produto (cd_pedido, dt_pedido, vl_produto, cd_pedido_produto) VALUES (NULL, '2028-04-12', '87.99', '10') ^0^man_produto_preco.php^treinamento_jaguar 
Treinamento^2022-11-10 09:19:16^INSERT INTO pedido_produto (cd_pedido, dt_pedido, vl_produto, cd_pedido_produto) VALUES (NULL, '2028-04-12', '87.99', '11') ^0^man_produto_preco.php^treinamento_jaguar 
Treinamento^2022-11-10 09:19:42^INSERT INTO pedido_produto (cd_pedido, dt_pedido, vl_produto, cd_pedido_produto) VALUES (NULL, '2022-11-10', '25.52', '12') ^0^man_produto_preco.php^treinamento_jaguar 
Treinamento^2022-11-10 09:45:57^INSERT INTO pedido_produto (vl_preco, cd_produto, dt_pedido) VALUES ('87.98', NULL, NULL) ^0^man_produto_preco.php^treinamento_jaguar 
Treinamento^2022-11-10 09:46:22^INSERT INTO produto_preco (vl_preco, cd_produto, dt_pedido) VALUES ('87.98', NULL, NULL) ^0^man_produto_preco.php^treinamento_jaguar 
Treinamento^2022-11-10 09:46:49^INSERT INTO produto_preco (vl_preco, cd_produto, dt_pedido) VALUES ('87.98', NULL, NULL) ^0^man_produto_preco.php^treinamento_jaguar 
Treinamento^2022-11-10 09:48:06^INSERT INTO produto_preco (vl_preco, cd_produto, dt_vigencia) VALUES ('87.98', NULL, NULL) ^0^man_produto_preco.php^treinamento_jaguar 
Treinamento^2022-11-10 09:57:19^INSERT INTO produto_preco (vl_preco, cd_produto, dt_vigencia) VALUES ('50.00', NULL, NULL) ^0^man_produto_preco.php^treinamento_jaguar 
Treinamento^2022-11-10 09:58:29^INSERT INTO produto_preco (vl_preco, cd_produto, dt_vigencia) VALUES ('49.90', NULL, NULL) ^0^man_produto_preco.php^treinamento_jaguar 
Treinamento^2022-11-10 09:59:27^INSERT INTO produto_preco (vl_preco, cd_produto, dt_vigencia) VALUES ('15.00', NULL, NULL) ^0^man_produto_preco.php^treinamento_jaguar 
Treinamento^2022-11-10 10:00:17^INSERT INTO produto_preco (vl_preco, cd_produto, dt_vigencia) VALUES ('15.00', NULL, NULL) ^0^man_produto_preco.php^treinamento_jaguar 
Treinamento^2022-11-10 10:00:26^INSERT INTO produto_preco (vl_preco, cd_produto, dt_vigencia) VALUES ('15.00', '1', '2022-11-12') ^0^man_produto_preco.php^treinamento_jaguar 
Treinamento^2022-11-10 10:18:15^UPDATE produto_preco SET vl_preco = '29.90' WHERE cd_produto = '1' AND dt_vigencia = '2022-11-12' ^1^man_produto_preco.php^treinamento_jaguar 
Treinamento^2022-11-10 10:18:36^UPDATE produto_preco SET vl_preco = '35.90' WHERE cd_produto = '1' AND dt_vigencia = '2022-11-12' ^1^man_produto_preco.php^treinamento_jaguar 
Treinamento^2022-11-10 10:18:47^DELETE FROM produto_preco WHERE cd_produto = '1' AND dt_vigencia = '2022-11-12' ^2^man_produto_preco.php^treinamento_jaguar 
Treinamento^2022-11-10 10:18:52^INSERT INTO produto_preco (vl_preco, cd_produto, dt_vigencia) VALUES ('29.90', '1', '2022-11-15') ^0^man_produto_preco.php^treinamento_jaguar 
Treinamento^2022-11-10 10:25:38^INSERT INTO produto (nm_produto, id_ativo, cd_produto) VALUES ('SABONETE', '1', '3') ^0^man_produto.php^treinamento_jaguar 
Treinamento^2022-11-10 10:26:02^INSERT INTO produto_preco (vl_preco, cd_produto, dt_vigencia) VALUES ('4.25', '3', '2030-08-12') ^0^man_produto_preco.php^treinamento_jaguar 
Treinamento^2022-11-10 10:26:16^UPDATE produto_preco SET vl_preco = '4.27' WHERE cd_produto = '3' AND dt_vigencia = '2030-08-12' ^1^man_produto_preco.php^treinamento_jaguar 
